<?xml version="1.0" encoding="UTF-8"?>
<!-- Generated by org.testng.reporters.JUnitReportReporter -->
<testsuite skipped="0" hostname="DESKTOP-EVK9GMC" name="testScripts.DefaultSettingValue" tests="1" failures="0" timestamp="2020-10-11T14:23:03 IST" time="158.343" errors="0">
  <testcase name="settingvalue" time="158.343" classname="testScripts.DefaultSettingValue"/>
</testsuite> <!-- testScripts.DefaultSettingValue -->
